
2014-08-08T07:31:09+00:00 DEBUG (7): HEADERS ALREADY SENT: <pre>[0] /var/www/html/app/code/core/Mage/Core/Controller/Response/Http.php:52
[1] /var/www/html/lib/Zend/Controller/Response/Abstract.php:768
[2] /var/www/html/app/code/core/Mage/Core/Controller/Response/Http.php:84
[3] /var/www/html/app/code/core/Mage/Core/Controller/Varien/Front.php:184
[4] /var/www/html/app/code/core/Mage/Core/Model/App.php:354
[5] /var/www/html/app/Mage.php:684
[6] /var/www/html/index.php:87
</pre>
2014-08-08T07:34:58+00:00 DEBUG (7): HEADERS ALREADY SENT: <pre>[0] /var/www/html/app/code/core/Mage/Core/Controller/Response/Http.php:52
[1] /var/www/html/lib/Zend/Controller/Response/Abstract.php:768
[2] /var/www/html/app/code/core/Mage/Core/Controller/Response/Http.php:84
[3] /var/www/html/app/code/core/Mage/Core/Controller/Varien/Front.php:184
[4] /var/www/html/app/code/core/Mage/Core/Model/App.php:354
[5] /var/www/html/app/Mage.php:684
[6] /var/www/html/index.php:87
</pre>
2014-08-08T07:35:11+00:00 DEBUG (7): HEADERS ALREADY SENT: <pre>[0] /var/www/html/app/code/core/Mage/Core/Controller/Response/Http.php:52
[1] /var/www/html/lib/Zend/Controller/Response/Abstract.php:768
[2] /var/www/html/app/code/core/Mage/Core/Controller/Response/Http.php:84
[3] /var/www/html/app/code/core/Mage/Core/Controller/Varien/Front.php:184
[4] /var/www/html/app/code/core/Mage/Core/Model/App.php:354
[5] /var/www/html/app/Mage.php:684
[6] /var/www/html/index.php:87
</pre>
2014-08-08T07:36:08+00:00 DEBUG (7): HEADERS ALREADY SENT: <pre>[0] /var/www/html/app/code/core/Mage/Core/Controller/Response/Http.php:52
[1] /var/www/html/lib/Zend/Controller/Response/Abstract.php:768
[2] /var/www/html/app/code/core/Mage/Core/Controller/Response/Http.php:84
[3] /var/www/html/app/code/core/Mage/Core/Controller/Varien/Front.php:184
[4] /var/www/html/app/code/core/Mage/Core/Model/App.php:354
[5] /var/www/html/app/Mage.php:684
[6] /var/www/html/index.php:87
</pre>
2014-08-08T07:40:18+00:00 DEBUG (7): HEADERS ALREADY SENT: <pre>[0] /var/www/html/app/code/core/Mage/Core/Controller/Response/Http.php:52
[1] /var/www/html/lib/Zend/Controller/Response/Abstract.php:768
[2] /var/www/html/app/code/core/Mage/Core/Controller/Response/Http.php:84
[3] /var/www/html/app/code/core/Mage/Core/Controller/Varien/Front.php:184
[4] /var/www/html/app/code/core/Mage/Core/Model/App.php:354
[5] /var/www/html/app/Mage.php:684
[6] /var/www/html/index.php:87
</pre>
2014-08-08T07:40:40+00:00 DEBUG (7): HEADERS ALREADY SENT: <pre>[0] /var/www/html/app/code/core/Mage/Core/Controller/Response/Http.php:52
[1] /var/www/html/lib/Zend/Controller/Response/Abstract.php:768
[2] /var/www/html/app/code/core/Mage/Core/Controller/Response/Http.php:84
[3] /var/www/html/app/code/core/Mage/Core/Controller/Varien/Front.php:184
[4] /var/www/html/app/code/core/Mage/Core/Model/App.php:354
[5] /var/www/html/app/Mage.php:684
[6] /var/www/html/index.php:87
</pre>
2014-08-08T07:42:39+00:00 DEBUG (7): HEADERS ALREADY SENT: <pre>[0] /var/www/html/app/code/core/Mage/Core/Controller/Response/Http.php:52
[1] /var/www/html/lib/Zend/Controller/Response/Abstract.php:768
[2] /var/www/html/app/code/core/Mage/Core/Controller/Response/Http.php:84
[3] /var/www/html/app/code/core/Mage/Core/Controller/Varien/Front.php:184
[4] /var/www/html/app/code/core/Mage/Core/Model/App.php:354
[5] /var/www/html/app/Mage.php:684
[6] /var/www/html/index.php:87
</pre>
2014-08-08T07:43:43+00:00 DEBUG (7): HEADERS ALREADY SENT: <pre>[0] /var/www/html/app/code/core/Mage/Core/Controller/Response/Http.php:52
[1] /var/www/html/lib/Zend/Controller/Response/Abstract.php:768
[2] /var/www/html/app/code/core/Mage/Core/Controller/Response/Http.php:84
[3] /var/www/html/app/code/core/Mage/Core/Controller/Varien/Front.php:184
[4] /var/www/html/app/code/core/Mage/Core/Model/App.php:354
[5] /var/www/html/app/Mage.php:684
[6] /var/www/html/index.php:87
</pre>
2014-08-08T07:44:27+00:00 DEBUG (7): HEADERS ALREADY SENT: <pre>[0] /var/www/html/app/code/core/Mage/Core/Controller/Response/Http.php:52
[1] /var/www/html/lib/Zend/Controller/Response/Abstract.php:768
[2] /var/www/html/app/code/core/Mage/Core/Controller/Response/Http.php:84
[3] /var/www/html/app/code/core/Mage/Core/Controller/Varien/Front.php:184
[4] /var/www/html/app/code/core/Mage/Core/Model/App.php:354
[5] /var/www/html/app/Mage.php:684
[6] /var/www/html/index.php:87
</pre>
2014-08-08T07:44:40+00:00 DEBUG (7): HEADERS ALREADY SENT: <pre>[0] /var/www/html/app/code/core/Mage/Core/Controller/Response/Http.php:52
[1] /var/www/html/lib/Zend/Controller/Response/Abstract.php:768
[2] /var/www/html/app/code/core/Mage/Core/Controller/Response/Http.php:84
[3] /var/www/html/app/code/core/Mage/Core/Controller/Varien/Front.php:184
[4] /var/www/html/app/code/core/Mage/Core/Model/App.php:354
[5] /var/www/html/app/Mage.php:684
[6] /var/www/html/index.php:87
</pre>
2014-08-08T07:45:23+00:00 DEBUG (7): HEADERS ALREADY SENT: <pre>[0] /var/www/html/app/code/core/Mage/Core/Controller/Response/Http.php:52
[1] /var/www/html/lib/Zend/Controller/Response/Abstract.php:768
[2] /var/www/html/app/code/core/Mage/Core/Controller/Response/Http.php:84
[3] /var/www/html/app/code/core/Mage/Core/Controller/Varien/Front.php:184
[4] /var/www/html/app/code/core/Mage/Core/Model/App.php:354
[5] /var/www/html/app/Mage.php:684
[6] /var/www/html/index.php:87
</pre>
2014-08-08T07:48:48+00:00 DEBUG (7): HEADERS ALREADY SENT: <pre>[0] /var/www/html/app/code/core/Mage/Core/Controller/Response/Http.php:52
[1] /var/www/html/lib/Zend/Controller/Response/Abstract.php:768
[2] /var/www/html/app/code/core/Mage/Core/Controller/Response/Http.php:84
[3] /var/www/html/app/code/core/Mage/Core/Controller/Varien/Front.php:184
[4] /var/www/html/app/code/core/Mage/Core/Model/App.php:354
[5] /var/www/html/app/Mage.php:684
[6] /var/www/html/index.php:87
</pre>
2014-08-08T07:49:25+00:00 DEBUG (7): HEADERS ALREADY SENT: <pre>[0] /var/www/html/app/code/core/Mage/Core/Controller/Response/Http.php:52
[1] /var/www/html/lib/Zend/Controller/Response/Abstract.php:768
[2] /var/www/html/app/code/core/Mage/Core/Controller/Response/Http.php:84
[3] /var/www/html/app/code/core/Mage/Core/Controller/Varien/Front.php:184
[4] /var/www/html/app/code/core/Mage/Core/Model/App.php:354
[5] /var/www/html/app/Mage.php:684
[6] /var/www/html/index.php:87
</pre>
2014-08-08T07:50:39+00:00 DEBUG (7): HEADERS ALREADY SENT: <pre>[0] /var/www/html/app/code/core/Mage/Core/Controller/Response/Http.php:52
[1] /var/www/html/lib/Zend/Controller/Response/Abstract.php:768
[2] /var/www/html/app/code/core/Mage/Core/Controller/Response/Http.php:84
[3] /var/www/html/app/code/core/Mage/Core/Controller/Varien/Front.php:184
[4] /var/www/html/app/code/core/Mage/Core/Model/App.php:354
[5] /var/www/html/app/Mage.php:684
[6] /var/www/html/index.php:87
</pre>
2014-08-08T07:51:53+00:00 DEBUG (7): HEADERS ALREADY SENT: <pre>[0] /var/www/html/app/code/core/Mage/Core/Controller/Response/Http.php:52
[1] /var/www/html/lib/Zend/Controller/Response/Abstract.php:768
[2] /var/www/html/app/code/core/Mage/Core/Controller/Response/Http.php:84
[3] /var/www/html/app/code/core/Mage/Core/Controller/Varien/Front.php:184
[4] /var/www/html/app/code/core/Mage/Core/Model/App.php:354
[5] /var/www/html/app/Mage.php:684
[6] /var/www/html/index.php:87
</pre>
2014-08-08T07:53:33+00:00 DEBUG (7): HEADERS ALREADY SENT: <pre>[0] /var/www/html/app/code/core/Mage/Core/Controller/Response/Http.php:52
[1] /var/www/html/lib/Zend/Controller/Response/Abstract.php:768
[2] /var/www/html/app/code/core/Mage/Core/Controller/Response/Http.php:84
[3] /var/www/html/app/code/core/Mage/Core/Controller/Varien/Front.php:184
[4] /var/www/html/app/code/core/Mage/Core/Model/App.php:354
[5] /var/www/html/app/Mage.php:684
[6] /var/www/html/index.php:87
</pre>
2014-08-08T07:54:18+00:00 DEBUG (7): HEADERS ALREADY SENT: <pre>[0] /var/www/html/app/code/core/Mage/Core/Controller/Response/Http.php:52
[1] /var/www/html/lib/Zend/Controller/Response/Abstract.php:768
[2] /var/www/html/app/code/core/Mage/Core/Controller/Response/Http.php:84
[3] /var/www/html/app/code/core/Mage/Core/Controller/Varien/Front.php:184
[4] /var/www/html/app/code/core/Mage/Core/Model/App.php:354
[5] /var/www/html/app/Mage.php:684
[6] /var/www/html/index.php:87
</pre>
2014-08-08T08:02:36+00:00 DEBUG (7): HEADERS ALREADY SENT: <pre>[0] /var/www/html/app/code/core/Mage/Core/Controller/Response/Http.php:52
[1] /var/www/html/lib/Zend/Controller/Response/Abstract.php:768
[2] /var/www/html/app/code/core/Mage/Core/Controller/Response/Http.php:84
[3] /var/www/html/app/code/core/Mage/Core/Controller/Varien/Front.php:184
[4] /var/www/html/app/code/core/Mage/Core/Model/App.php:354
[5] /var/www/html/app/Mage.php:684
[6] /var/www/html/index.php:87
</pre>
2014-08-08T08:02:41+00:00 DEBUG (7): HEADERS ALREADY SENT: <pre>[0] /var/www/html/app/code/core/Mage/Core/Controller/Response/Http.php:52
[1] /var/www/html/lib/Zend/Controller/Response/Abstract.php:768
[2] /var/www/html/app/code/core/Mage/Core/Controller/Response/Http.php:84
[3] /var/www/html/app/code/core/Mage/Core/Controller/Varien/Front.php:184
[4] /var/www/html/app/code/core/Mage/Core/Model/App.php:354
[5] /var/www/html/app/Mage.php:684
[6] /var/www/html/index.php:87
</pre>
2014-08-08T08:05:04+00:00 DEBUG (7): HEADERS ALREADY SENT: <pre>[0] /var/www/html/app/code/core/Mage/Core/Controller/Response/Http.php:52
[1] /var/www/html/lib/Zend/Controller/Response/Abstract.php:768
[2] /var/www/html/app/code/core/Mage/Core/Controller/Response/Http.php:84
[3] /var/www/html/app/code/core/Mage/Core/Controller/Varien/Front.php:184
[4] /var/www/html/app/code/core/Mage/Core/Model/App.php:354
[5] /var/www/html/app/Mage.php:684
[6] /var/www/html/index.php:87
</pre>
2014-08-08T08:05:08+00:00 DEBUG (7): HEADERS ALREADY SENT: <pre>[0] /var/www/html/app/code/core/Mage/Core/Controller/Response/Http.php:52
[1] /var/www/html/lib/Zend/Controller/Response/Abstract.php:768
[2] /var/www/html/app/code/core/Mage/Core/Controller/Response/Http.php:84
[3] /var/www/html/app/code/core/Mage/Core/Controller/Varien/Front.php:184
[4] /var/www/html/app/code/core/Mage/Core/Model/App.php:354
[5] /var/www/html/app/Mage.php:684
[6] /var/www/html/index.php:87
</pre>
2014-08-08T08:05:19+00:00 DEBUG (7): HEADERS ALREADY SENT: <pre>[0] /var/www/html/app/code/core/Mage/Core/Controller/Response/Http.php:52
[1] /var/www/html/lib/Zend/Controller/Response/Abstract.php:768
[2] /var/www/html/app/code/core/Mage/Core/Controller/Response/Http.php:84
[3] /var/www/html/app/code/core/Mage/Core/Controller/Varien/Front.php:184
[4] /var/www/html/app/code/core/Mage/Core/Model/App.php:354
[5] /var/www/html/app/Mage.php:684
[6] /var/www/html/index.php:87
</pre>
2014-08-08T08:05:41+00:00 DEBUG (7): HEADERS ALREADY SENT: <pre>[0] /var/www/html/app/code/core/Mage/Core/Controller/Response/Http.php:52
[1] /var/www/html/lib/Zend/Controller/Response/Abstract.php:768
[2] /var/www/html/app/code/core/Mage/Core/Controller/Response/Http.php:84
[3] /var/www/html/app/code/core/Mage/Core/Controller/Varien/Front.php:184
[4] /var/www/html/app/code/core/Mage/Core/Model/App.php:354
[5] /var/www/html/app/Mage.php:684
[6] /var/www/html/index.php:87
</pre>
2014-08-08T08:06:01+00:00 DEBUG (7): HEADERS ALREADY SENT: <pre>[0] /var/www/html/app/code/core/Mage/Core/Controller/Response/Http.php:52
[1] /var/www/html/lib/Zend/Controller/Response/Abstract.php:768
[2] /var/www/html/app/code/core/Mage/Core/Controller/Response/Http.php:84
[3] /var/www/html/app/code/core/Mage/Core/Controller/Varien/Front.php:184
[4] /var/www/html/app/code/core/Mage/Core/Model/App.php:354
[5] /var/www/html/app/Mage.php:684
[6] /var/www/html/index.php:87
</pre>
2014-08-08T08:07:12+00:00 DEBUG (7): HEADERS ALREADY SENT: <pre>[0] /var/www/html/app/code/core/Mage/Core/Controller/Response/Http.php:52
[1] /var/www/html/lib/Zend/Controller/Response/Abstract.php:768
[2] /var/www/html/app/code/core/Mage/Core/Controller/Response/Http.php:84
[3] /var/www/html/app/code/core/Mage/Core/Controller/Varien/Front.php:184
[4] /var/www/html/app/code/core/Mage/Core/Model/App.php:354
[5] /var/www/html/app/Mage.php:684
[6] /var/www/html/index.php:87
</pre>
